<?xml version="1.0" encoding="UTF-8"?>
<!-- Generated by org.testng.reporters.JUnitXMLReporter -->
<testsuite ignored="4" hostname="DESKTOP-SM0MVNU" failures="0" tests="7" name="Test" time="271.901" errors="0" timestamp="2023-03-21T14:35:31 IST">
  <testcase classname="Testpackage.LoginTestCases" name="VerifyLoginFunctionalityWithInCorrectData" time="34.717"/>
  <testcase classname="Testpackage.LoginTestCases" name="VerifyLoginFunctionalityWithBlnkData" time="3.165"/>
  <testcase classname="Testpackage.LoginTestCases" name="VerifyLoginFunctionalityWithCorrectData" time="57.946"/>
  <testcase classname="Testpackage.HomepageTestCases" name="VerifyLoginFunctionalityWithCorrectData" time="27.908"/>
  <testcase classname="Testpackage.HomepageTestCases" name="VerifyHomePageFunctionality" time="33.005"/>
  <testcase classname="Testpackage.HomepageTestCases" name="VerifyHomePageFunctionalities" time="37.968"/>
  <testcase classname="Testpackage.HomepageTestCases" name="VerifyhomepageFuncionality" time="57.863"/>
  <testcase classname="Testpackage.BaseClass" name="@AfterTest afterTest" time="0.0">
    <ignored/>
  </testcase> <!-- @AfterTest afterTest -->
  <testcase classname="Testpackage.BaseClass" name="@BeforeTest beforesuite" time="0.0">
    <ignored/>
  </testcase> <!-- @BeforeTest beforesuite -->
  <testcase classname="Testpackage.BaseClass" name="@AfterTest afterTest" time="0.0">
    <ignored/>
  </testcase> <!-- @AfterTest afterTest -->
  <testcase classname="Testpackage.BaseClass" name="@BeforeTest beforesuite" time="0.0">
    <ignored/>
  </testcase> <!-- @BeforeTest beforesuite -->
</testsuite> <!-- Test -->
